{"level":"debug","msg":"Начало выполнения программы","time":"2025-05-23T02:08:33+05:00"}
{"level":"debug","msg":"Аргументы не указаны, вывод справки","time":"2025-05-23T02:08:33+05:00"}
{"level":"debug","msg":"Выход - не указаны аргументы","time":"2025-05-23T02:08:33+05:00"}
{"level":"debug","msg":"Начало выполнения программы","time":"2025-05-23T02:08:48+05:00"}
{"level":"debug","msg":"Аргументы не указаны, вывод справки","time":"2025-05-23T02:08:48+05:00"}
{"level":"debug","msg":"Выход - не указаны аргументы","time":"2025-05-23T02:08:48+05:00"}
{"level":"debug","msg":"Начало выполнения программы","time":"2025-05-23T02:12:17+05:00"}
{"level":"debug","msg":"Загрузка конфигурации","time":"2025-05-23T02:12:17+05:00"}
{"level":"debug","msg":"Конфигурация загружена успешно","time":"2025-05-23T02:12:17+05:00"}
{"level":"debug","msg":"Начало выполнения программы","time":"2025-05-23T02:13:06+05:00"}
{"level":"debug","msg":"Отображение справки","time":"2025-05-23T02:13:06+05:00"}
{"level":"debug","msg":"Выход - отображена справка","time":"2025-05-23T02:13:06+05:00"}
{"level":"debug","msg":"Начало выполнения программы","time":"2025-05-23T02:13:11+05:00"}
{"level":"debug","msg":"Загрузка конфигурации","time":"2025-05-23T02:13:11+05:00"}
{"level":"debug","msg":"Конфигурация загружена успешно","time":"2025-05-23T02:13:11+05:00"}
{"level":"debug","msg":"Начало выполнения программы","time":"2025-05-23T02:13:58+05:00"}
{"level":"debug","msg":"Загрузка конфигурации","time":"2025-05-23T02:13:58+05:00"}
{"level":"debug","msg":"Конфигурация загружена успешно","time":"2025-05-23T02:13:58+05:00"}
{"level":"debug","msg":"Начало выполнения программы","time":"2025-05-23T02:16:20+05:00"}
{"level":"debug","msg":"Загрузка конфигурации","time":"2025-05-23T02:16:20+05:00"}
{"level":"debug","msg":"Конфигурация загружена успешно","time":"2025-05-23T02:16:20+05:00"}
{"level":"debug","msg":"Начало выполнения программы","time":"2025-05-23T02:17:41+05:00"}
{"level":"debug","msg":"Загрузка конфигурации","time":"2025-05-23T02:17:41+05:00"}
{"level":"debug","msg":"Конфигурация загружена успешно","time":"2025-05-23T02:17:41+05:00"}
{"level":"debug","msg":"Начало выполнения программы","time":"2025-05-23T02:17:48+05:00"}
{"level":"debug","msg":"Загрузка конфигурации","time":"2025-05-23T02:17:48+05:00"}
{"level":"debug","msg":"Конфигурация загружена успешно","time":"2025-05-23T02:17:48+05:00"}
{"level":"debug","msg":"Начало выполнения программы","time":"2025-05-23T02:17:57+05:00"}
{"level":"debug","msg":"Загрузка конфигурации","time":"2025-05-23T02:17:57+05:00"}
{"level":"debug","msg":"Конфигурация загружена успешно","time":"2025-05-23T02:17:57+05:00"}
{"level":"debug","msg":"Начало выполнения программы","time":"2025-05-23T02:20:02+05:00"}
{"level":"debug","msg":"Загрузка конфигурации","time":"2025-05-23T02:20:02+05:00"}
{"level":"debug","msg":"Конфигурация загружена успешно","time":"2025-05-23T02:20:02+05:00"}
{"level":"debug","msg":"Начало выполнения программы","time":"2025-05-23T02:20:08+05:00"}
{"level":"debug","msg":"Загрузка конфигурации","time":"2025-05-23T02:20:08+05:00"}
{"level":"debug","msg":"Конфигурация загружена успешно","time":"2025-05-23T02:20:08+05:00"}
{"level":"debug","msg":"Начало выполнения программы","time":"2025-05-23T02:20:15+05:00"}
{"level":"debug","msg":"Загрузка конфигурации","time":"2025-05-23T02:20:15+05:00"}
{"level":"debug","msg":"Конфигурация загружена успешно","time":"2025-05-23T02:20:15+05:00"}
{"level":"debug","msg":"Начало выполнения программы","time":"2025-05-23T02:22:27+05:00"}
{"level":"debug","msg":"Загрузка конфигурации","time":"2025-05-23T02:22:27+05:00"}
{"level":"debug","msg":"Конфигурация загружена успешно","time":"2025-05-23T02:22:27+05:00"}
{"level":"debug","msg":"Начало выполнения программы","time":"2025-05-23T02:22:57+05:00"}
{"level":"debug","msg":"Загрузка конфигурации","time":"2025-05-23T02:22:57+05:00"}
{"level":"debug","msg":"Конфигурация загружена успешно","time":"2025-05-23T02:22:57+05:00"}
{"level":"debug","msg":"Начало выполнения программы","time":"2025-05-23T02:24:43+05:00"}
{"level":"debug","msg":"Загрузка конфигурации","time":"2025-05-23T02:24:43+05:00"}
{"level":"debug","msg":"Конфигурация загружена успешно","time":"2025-05-23T02:24:43+05:00"}
{"level":"debug","msg":"Начало выполнения программы","time":"2025-05-23T02:25:03+05:00"}
{"level":"debug","msg":"Загрузка конфигурации","time":"2025-05-23T02:25:03+05:00"}
{"level":"debug","msg":"Конфигурация загружена успешно","time":"2025-05-23T02:25:03+05:00"}
{"level":"debug","msg":"Начало выполнения программы","time":"2025-05-23T02:25:49+05:00"}
{"level":"debug","msg":"Загрузка конфигурации","time":"2025-05-23T02:25:49+05:00"}
{"level":"debug","msg":"Конфигурация загружена успешно","time":"2025-05-23T02:25:49+05:00"}
{"level":"debug","msg":"Начало выполнения программы","time":"2025-05-23T02:25:57+05:00"}
{"level":"debug","msg":"Загрузка конфигурации","time":"2025-05-23T02:25:57+05:00"}
{"level":"debug","msg":"Конфигурация загружена успешно","time":"2025-05-23T02:25:57+05:00"}
{"level":"debug","msg":"Начало выполнения программы","time":"2025-05-23T02:26:04+05:00"}
{"level":"debug","msg":"Загрузка конфигурации","time":"2025-05-23T02:26:04+05:00"}
{"level":"debug","msg":"Конфигурация загружена успешно","time":"2025-05-23T02:26:04+05:00"}
{"level":"debug","msg":"Начало выполнения программы","time":"2025-05-23T02:26:13+05:00"}
{"level":"debug","msg":"Загрузка конфигурации","time":"2025-05-23T02:26:13+05:00"}
{"level":"debug","msg":"Конфигурация загружена успешно","time":"2025-05-23T02:26:13+05:00"}
{"level":"debug","msg":"Начало выполнения программы","time":"2025-05-23T02:26:28+05:00"}
{"level":"debug","msg":"Загрузка конфигурации","time":"2025-05-23T02:26:28+05:00"}
{"level":"debug","msg":"Конфигурация загружена успешно","time":"2025-05-23T02:26:28+05:00"}
{"level":"debug","msg":"Начало выполнения программы","time":"2025-05-23T02:26:35+05:00"}
{"level":"debug","msg":"Загрузка конфигурации","time":"2025-05-23T02:26:35+05:00"}
{"level":"debug","msg":"Конфигурация загружена успешно","time":"2025-05-23T02:26:35+05:00"}
{"level":"debug","msg":"Начало выполнения программы","time":"2025-05-23T02:26:45+05:00"}
{"level":"debug","msg":"Загрузка конфигурации","time":"2025-05-23T02:26:45+05:00"}
{"level":"debug","msg":"Конфигурация загружена успешно","time":"2025-05-23T02:26:45+05:00"}
{"level":"debug","msg":"Начало выполнения программы","time":"2025-05-23T02:26:52+05:00"}
{"level":"debug","msg":"Загрузка конфигурации","time":"2025-05-23T02:26:52+05:00"}
{"level":"debug","msg":"Конфигурация загружена успешно","time":"2025-05-23T02:26:52+05:00"}
{"level":"debug","msg":"Начало выполнения программы","time":"2025-05-23T02:27:29+05:00"}
{"level":"debug","msg":"Загрузка конфигурации","time":"2025-05-23T02:27:29+05:00"}
{"level":"debug","msg":"Конфигурация загружена успешно","time":"2025-05-23T02:27:29+05:00"}
{"level":"debug","msg":"Начало выполнения программы","time":"2025-05-23T02:27:43+05:00"}
{"level":"debug","msg":"Загрузка конфигурации","time":"2025-05-23T02:27:43+05:00"}
{"level":"debug","msg":"Конфигурация загружена успешно","time":"2025-05-23T02:27:43+05:00"}
{"level":"debug","msg":"Начало выполнения программы","time":"2025-05-23T02:28:18+05:00"}
{"level":"debug","msg":"Загрузка конфигурации","time":"2025-05-23T02:28:18+05:00"}
{"level":"debug","msg":"Конфигурация загружена успешно","time":"2025-05-23T02:28:18+05:00"}
{"level":"debug","msg":"Начало выполнения программы","time":"2025-05-23T02:28:25+05:00"}
{"level":"debug","msg":"Загрузка конфигурации","time":"2025-05-23T02:28:25+05:00"}
{"level":"debug","msg":"Конфигурация загружена успешно","time":"2025-05-23T02:28:25+05:00"}
{"level":"debug","msg":"Начало выполнения программы","time":"2025-05-23T02:30:52+05:00"}
{"level":"debug","msg":"Загрузка конфигурации","time":"2025-05-23T02:30:52+05:00"}
{"level":"debug","msg":"Конфигурация загружена успешно","time":"2025-05-23T02:30:52+05:00"}
{"level":"debug","msg":"Начало выполнения программы","time":"2025-05-23T02:31:41+05:00"}
{"level":"debug","msg":"Загрузка конфигурации","time":"2025-05-23T02:31:41+05:00"}
{"level":"debug","msg":"Конфигурация загружена успешно","time":"2025-05-23T02:31:41+05:00"}
{"level":"debug","msg":"Начало выполнения программы","time":"2025-05-23T02:32:30+05:00"}
{"level":"debug","msg":"Загрузка конфигурации","time":"2025-05-23T02:32:30+05:00"}
{"level":"debug","msg":"Конфигурация загружена успешно","time":"2025-05-23T02:32:30+05:00"}
{"level":"debug","msg":"Начало выполнения программы","time":"2025-05-23T02:32:48+05:00"}
{"level":"debug","msg":"Загрузка конфигурации","time":"2025-05-23T02:32:48+05:00"}
{"level":"debug","msg":"Конфигурация загружена успешно","time":"2025-05-23T02:32:48+05:00"}
{"level":"debug","msg":"Начало выполнения программы","time":"2025-05-23T02:33:01+05:00"}
{"level":"debug","msg":"Загрузка конфигурации","time":"2025-05-23T02:33:01+05:00"}
{"level":"debug","msg":"Конфигурация загружена успешно","time":"2025-05-23T02:33:01+05:00"}
{"level":"debug","msg":"Начало выполнения программы","time":"2025-05-23T02:33:40+05:00"}
{"level":"debug","msg":"Загрузка конфигурации","time":"2025-05-23T02:33:40+05:00"}
{"level":"debug","msg":"Конфигурация загружена успешно","time":"2025-05-23T02:33:40+05:00"}
{"level":"debug","msg":"Начало выполнения программы","time":"2025-05-23T02:37:02+05:00"}
{"level":"debug","msg":"Загрузка конфигурации","time":"2025-05-23T02:37:02+05:00"}
{"level":"debug","msg":"Конфигурация загружена успешно","time":"2025-05-23T02:37:02+05:00"}
{"level":"debug","msg":"Начало выполнения программы","time":"2025-05-23T02:37:22+05:00"}
{"level":"debug","msg":"Загрузка конфигурации","time":"2025-05-23T02:37:22+05:00"}
{"level":"debug","msg":"Конфигурация загружена успешно","time":"2025-05-23T02:37:22+05:00"}
{"level":"debug","msg":"Начало выполнения программы","time":"2025-05-23T02:37:33+05:00"}
{"level":"debug","msg":"Загрузка конфигурации","time":"2025-05-23T02:37:33+05:00"}
{"level":"debug","msg":"Конфигурация загружена успешно","time":"2025-05-23T02:37:33+05:00"}
{"level":"debug","msg":"Начало выполнения программы","time":"2025-05-23T02:37:50+05:00"}
{"level":"debug","msg":"Загрузка конфигурации","time":"2025-05-23T02:37:50+05:00"}
{"level":"debug","msg":"Конфигурация загружена успешно","time":"2025-05-23T02:37:50+05:00"}
{"level":"debug","msg":"Начало выполнения программы","time":"2025-05-23T02:38:30+05:00"}
{"level":"debug","msg":"Загрузка конфигурации","time":"2025-05-23T02:38:30+05:00"}
{"level":"debug","msg":"Конфигурация загружена успешно","time":"2025-05-23T02:38:30+05:00"}
{"level":"debug","msg":"Начало выполнения программы","time":"2025-05-23T02:38:39+05:00"}
{"level":"debug","msg":"Загрузка конфигурации","time":"2025-05-23T02:38:39+05:00"}
{"level":"debug","msg":"Конфигурация загружена успешно","time":"2025-05-23T02:38:39+05:00"}
{"level":"debug","msg":"Начало выполнения программы","time":"2025-05-23T02:39:20+05:00"}
{"level":"debug","msg":"Загрузка конфигурации","time":"2025-05-23T02:39:20+05:00"}
{"level":"debug","msg":"Конфигурация загружена успешно","time":"2025-05-23T02:39:20+05:00"}
{"level":"debug","msg":"Начало выполнения программы","time":"2025-05-23T02:52:26+05:00"}
{"level":"debug","msg":"Загрузка конфигурации","time":"2025-05-23T02:52:26+05:00"}
{"level":"debug","msg":"Конфигурация загружена успешно","time":"2025-05-23T02:52:26+05:00"}
{"level":"debug","msg":"Начало выполнения программы","time":"2025-05-23T02:56:13+05:00"}
{"level":"debug","msg":"Загрузка конфигурации","time":"2025-05-23T02:56:13+05:00"}
{"level":"debug","msg":"Конфигурация загружена успешно","time":"2025-05-23T02:56:13+05:00"}
{"level":"debug","msg":"Начало выполнения программы","time":"2025-05-23T03:18:55+05:00"}
{"level":"debug","msg":"Загрузка конфигурации","time":"2025-05-23T03:18:55+05:00"}
{"level":"debug","msg":"Конфигурация загружена успешно","time":"2025-05-23T03:18:55+05:00"}
{"level":"debug","msg":"Начало выполнения программы","time":"2025-05-23T03:20:18+05:00"}
{"level":"debug","msg":"Загрузка конфигурации","time":"2025-05-23T03:20:18+05:00"}
{"level":"debug","msg":"Конфигурация загружена успешно","time":"2025-05-23T03:20:18+05:00"}
{"level":"debug","msg":"Начало выполнения программы","time":"2025-05-23T03:24:52+05:00"}
{"level":"debug","msg":"Загрузка конфигурации","time":"2025-05-23T03:24:52+05:00"}
{"level":"debug","msg":"Конфигурация загружена успешно","time":"2025-05-23T03:24:52+05:00"}
{"level":"debug","msg":"Начало выполнения программы","time":"2025-05-23T03:27:01+05:00"}
{"level":"debug","msg":"Загрузка конфигурации","time":"2025-05-23T03:27:01+05:00"}
{"level":"debug","msg":"Конфигурация загружена успешно","time":"2025-05-23T03:27:01+05:00"}
{"level":"debug","msg":"Начало выполнения программы","time":"2025-05-23T03:29:32+05:00"}
{"level":"debug","msg":"Загрузка конфигурации","time":"2025-05-23T03:29:32+05:00"}
{"level":"debug","msg":"Конфигурация загружена успешно","time":"2025-05-23T03:29:32+05:00"}
{"level":"debug","msg":"Начало выполнения программы","time":"2025-05-23T03:30:13+05:00"}
{"level":"debug","msg":"Загрузка конфигурации","time":"2025-05-23T03:30:13+05:00"}
{"level":"debug","msg":"Конфигурация загружена успешно","time":"2025-05-23T03:30:13+05:00"}
{"level":"debug","msg":"Начало выполнения программы","time":"2025-05-23T03:31:16+05:00"}
{"level":"debug","msg":"Загрузка конфигурации","time":"2025-05-23T03:31:16+05:00"}
{"level":"debug","msg":"Конфигурация загружена успешно","time":"2025-05-23T03:31:16+05:00"}
{"level":"debug","msg":"Начало выполнения программы","time":"2025-05-23T03:39:01+05:00"}
{"level":"debug","msg":"Загрузка конфигурации","time":"2025-05-23T03:39:01+05:00"}
{"level":"debug","msg":"Конфигурация загружена успешно","time":"2025-05-23T03:39:01+05:00"}
{"level":"debug","msg":"Начало выполнения программы","time":"2025-05-23T03:52:24+05:00"}
{"level":"debug","msg":"Загрузка конфигурации","time":"2025-05-23T03:52:24+05:00"}
{"level":"debug","msg":"Конфигурация загружена успешно","time":"2025-05-23T03:52:24+05:00"}
{"level":"debug","msg":"Начало выполнения программы","time":"2025-05-23T03:52:35+05:00"}
{"level":"debug","msg":"Загрузка конфигурации","time":"2025-05-23T03:52:35+05:00"}
{"level":"debug","msg":"Конфигурация загружена успешно","time":"2025-05-23T03:52:35+05:00"}
{"level":"debug","msg":"Начало выполнения программы","time":"2025-05-23T03:53:09+05:00"}
{"level":"debug","msg":"Загрузка конфигурации","time":"2025-05-23T03:53:09+05:00"}
{"level":"debug","msg":"Конфигурация загружена успешно","time":"2025-05-23T03:53:09+05:00"}
{"level":"debug","msg":"Начало выполнения программы","time":"2025-05-23T03:56:17+05:00"}
{"level":"debug","msg":"Загрузка конфигурации","time":"2025-05-23T03:56:17+05:00"}
{"level":"debug","msg":"Конфигурация загружена успешно","time":"2025-05-23T03:56:17+05:00"}
{"level":"debug","msg":"Начало выполнения программы","time":"2025-05-23T04:06:14+05:00"}
{"level":"debug","msg":"Загрузка конфигурации","time":"2025-05-23T04:06:14+05:00"}
{"level":"debug","msg":"Конфигурация загружена успешно","time":"2025-05-23T04:06:14+05:00"}
{"level":"debug","msg":"Начало выполнения программы","time":"2025-05-23T04:06:46+05:00"}
{"level":"debug","msg":"Загрузка конфигурации","time":"2025-05-23T04:06:46+05:00"}
{"level":"debug","msg":"Конфигурация загружена успешно","time":"2025-05-23T04:06:46+05:00"}
{"level":"debug","msg":"Начало выполнения программы","time":"2025-05-23T04:12:14+05:00"}
{"level":"debug","msg":"Отображение справки","time":"2025-05-23T04:12:14+05:00"}
{"level":"debug","msg":"Выход - отображена справка","time":"2025-05-23T04:12:14+05:00"}
{"level":"debug","msg":"Начало выполнения программы","time":"2025-05-23T04:12:19+05:00"}
{"level":"debug","msg":"Загрузка конфигурации","time":"2025-05-23T04:12:19+05:00"}
{"level":"debug","msg":"Конфигурация загружена успешно","time":"2025-05-23T04:12:19+05:00"}
{"level":"debug","msg":"Начало выполнения программы","time":"2025-05-23T04:12:32+05:00"}
{"level":"debug","msg":"Загрузка конфигурации","time":"2025-05-23T04:12:32+05:00"}
{"level":"debug","msg":"Конфигурация загружена успешно","time":"2025-05-23T04:12:32+05:00"}
{"level":"debug","msg":"Начало выполнения программы","time":"2025-05-23T04:21:12+05:00"}
{"level":"debug","msg":"Загрузка конфигурации","time":"2025-05-23T04:21:12+05:00"}
{"level":"debug","msg":"Конфигурация загружена успешно","time":"2025-05-23T04:21:12+05:00"}
{"level":"debug","msg":"Начало выполнения программы","time":"2025-05-23T12:37:33+05:00"}
{"level":"debug","msg":"Загрузка конфигурации","time":"2025-05-23T12:37:33+05:00"}
{"level":"debug","msg":"Конфигурация загружена успешно","time":"2025-05-23T12:37:33+05:00"}
{"level":"debug","msg":"Начало выполнения программы","time":"2025-05-23T21:29:25+05:00"}
{"level":"debug","msg":"Загрузка конфигурации","time":"2025-05-23T21:29:25+05:00"}
{"level":"debug","msg":"Конфигурация загружена успешно","time":"2025-05-23T21:29:25+05:00"}
{"level":"debug","msg":"Начало выполнения программы","time":"2025-05-23T21:33:08+05:00"}
{"level":"debug","msg":"Загрузка конфигурации","time":"2025-05-23T21:33:08+05:00"}
{"level":"debug","msg":"Конфигурация загружена успешно","time":"2025-05-23T21:33:08+05:00"}
{"level":"debug","msg":"Начало выполнения программы","time":"2025-05-23T21:33:29+05:00"}
{"level":"debug","msg":"Загрузка конфигурации","time":"2025-05-23T21:33:29+05:00"}
{"level":"debug","msg":"Конфигурация загружена успешно","time":"2025-05-23T21:33:29+05:00"}
{"level":"debug","msg":"Начало выполнения программы","time":"2025-05-23T21:33:46+05:00"}
{"level":"debug","msg":"Загрузка конфигурации","time":"2025-05-23T21:33:46+05:00"}
{"level":"debug","msg":"Конфигурация загружена успешно","time":"2025-05-23T21:33:46+05:00"}
{"level":"debug","msg":"Начало выполнения программы","time":"2025-05-23T21:33:54+05:00"}
{"level":"debug","msg":"Загрузка конфигурации","time":"2025-05-23T21:33:54+05:00"}
{"level":"debug","msg":"Конфигурация загружена успешно","time":"2025-05-23T21:33:54+05:00"}
{"level":"debug","msg":"Начало выполнения программы","time":"2025-05-23T21:39:17+05:00"}
{"level":"debug","msg":"Загрузка конфигурации","time":"2025-05-23T21:39:17+05:00"}
{"level":"debug","msg":"Конфигурация загружена успешно","time":"2025-05-23T21:39:17+05:00"}
{"level":"debug","msg":"Начало выполнения программы","time":"2025-05-23T21:39:28+05:00"}
{"level":"debug","msg":"Загрузка конфигурации","time":"2025-05-23T21:39:28+05:00"}
{"level":"debug","msg":"Конфигурация загружена успешно","time":"2025-05-23T21:39:29+05:00"}
{"level":"debug","msg":"Начало выполнения программы","time":"2025-05-23T21:39:44+05:00"}
{"level":"debug","msg":"Загрузка конфигурации","time":"2025-05-23T21:39:44+05:00"}
{"level":"debug","msg":"Конфигурация загружена успешно","time":"2025-05-23T21:39:44+05:00"}
{"level":"debug","msg":"Начало выполнения программы","time":"2025-05-23T21:41:10+05:00"}
{"level":"debug","msg":"Загрузка конфигурации","time":"2025-05-23T21:41:10+05:00"}
{"level":"debug","msg":"Конфигурация загружена успешно","time":"2025-05-23T21:41:10+05:00"}
{"level":"debug","msg":"Начало выполнения программы","time":"2025-05-23T21:49:48+05:00"}
{"level":"debug","msg":"Загрузка конфигурации","time":"2025-05-23T21:49:48+05:00"}
{"level":"debug","msg":"Конфигурация загружена успешно","time":"2025-05-23T21:49:48+05:00"}
{"level":"debug","msg":"Начало выполнения программы","time":"2025-05-23T21:49:54+05:00"}
{"level":"debug","msg":"Загрузка конфигурации","time":"2025-05-23T21:49:54+05:00"}
{"level":"debug","msg":"Конфигурация загружена успешно","time":"2025-05-23T21:49:54+05:00"}
{"level":"debug","msg":"Начало выполнения программы","time":"2025-05-23T22:06:09+05:00"}
{"level":"debug","msg":"Загрузка конфигурации","time":"2025-05-23T22:06:09+05:00"}
{"level":"debug","msg":"Конфигурация загружена успешно","time":"2025-05-23T22:06:09+05:00"}
{"level":"debug","msg":"Начало выполнения программы","time":"2025-05-23T22:09:07+05:00"}
{"level":"debug","msg":"Загрузка конфигурации","time":"2025-05-23T22:09:07+05:00"}
{"level":"debug","msg":"Конфигурация загружена успешно","time":"2025-05-23T22:09:07+05:00"}
{"level":"debug","msg":"Начало выполнения программы","time":"2025-05-23T22:09:26+05:00"}
{"level":"debug","msg":"Загрузка конфигурации","time":"2025-05-23T22:09:26+05:00"}
{"level":"debug","msg":"Конфигурация загружена успешно","time":"2025-05-23T22:09:26+05:00"}
{"level":"debug","msg":"Начало выполнения программы","time":"2025-05-23T22:09:47+05:00"}
{"level":"debug","msg":"Загрузка конфигурации","time":"2025-05-23T22:09:47+05:00"}
{"level":"debug","msg":"Конфигурация загружена успешно","time":"2025-05-23T22:09:47+05:00"}
{"level":"debug","msg":"Начало выполнения программы","time":"2025-05-23T22:09:50+05:00"}
{"level":"debug","msg":"Загрузка конфигурации","time":"2025-05-23T22:09:50+05:00"}
{"level":"debug","msg":"Конфигурация загружена успешно","time":"2025-05-23T22:09:50+05:00"}
{"level":"debug","msg":"Начало выполнения программы","time":"2025-05-23T22:10:50+05:00"}
{"level":"debug","msg":"Загрузка конфигурации","time":"2025-05-23T22:10:50+05:00"}
{"level":"debug","msg":"Конфигурация загружена успешно","time":"2025-05-23T22:10:50+05:00"}
{"level":"debug","msg":"Начало выполнения программы","time":"2025-05-23T22:16:04+05:00"}
{"level":"debug","msg":"Загрузка конфигурации","time":"2025-05-23T22:16:04+05:00"}
{"level":"debug","msg":"Конфигурация загружена успешно","time":"2025-05-23T22:16:04+05:00"}
{"level":"debug","msg":"Начало выполнения программы","time":"2025-05-23T22:17:43+05:00"}
{"level":"debug","msg":"Загрузка конфигурации","time":"2025-05-23T22:17:43+05:00"}
{"level":"debug","msg":"Конфигурация загружена успешно","time":"2025-05-23T22:17:43+05:00"}
{"level":"debug","msg":"Начало выполнения программы","time":"2025-05-23T22:17:58+05:00"}
{"level":"debug","msg":"Загрузка конфигурации","time":"2025-05-23T22:17:58+05:00"}
{"level":"debug","msg":"Конфигурация загружена успешно","time":"2025-05-23T22:17:58+05:00"}
{"level":"debug","msg":"Начало выполнения программы","time":"2025-05-23T22:19:23+05:00"}
{"level":"debug","msg":"Загрузка конфигурации","time":"2025-05-23T22:19:23+05:00"}
{"level":"debug","msg":"Конфигурация загружена успешно","time":"2025-05-23T22:19:23+05:00"}
{"level":"debug","msg":"Начало выполнения программы","time":"2025-05-23T22:19:44+05:00"}
{"level":"debug","msg":"Загрузка конфигурации","time":"2025-05-23T22:19:44+05:00"}
{"level":"debug","msg":"Конфигурация загружена успешно","time":"2025-05-23T22:19:44+05:00"}
{"level":"debug","msg":"Начало выполнения программы","time":"2025-05-23T22:19:53+05:00"}
{"level":"debug","msg":"Загрузка конфигурации","time":"2025-05-23T22:19:53+05:00"}
{"level":"debug","msg":"Конфигурация загружена успешно","time":"2025-05-23T22:19:53+05:00"}
{"level":"debug","msg":"Начало выполнения программы","time":"2025-05-23T22:19:56+05:00"}
{"level":"debug","msg":"Загрузка конфигурации","time":"2025-05-23T22:19:56+05:00"}
{"level":"debug","msg":"Конфигурация загружена успешно","time":"2025-05-23T22:19:56+05:00"}
{"level":"debug","msg":"Начало выполнения программы","time":"2025-05-23T22:20:39+05:00"}
{"level":"debug","msg":"Загрузка конфигурации","time":"2025-05-23T22:20:39+05:00"}
{"level":"debug","msg":"Конфигурация загружена успешно","time":"2025-05-23T22:20:39+05:00"}
{"level":"debug","msg":"Начало выполнения программы","time":"2025-05-23T22:21:04+05:00"}
{"level":"debug","msg":"Загрузка конфигурации","time":"2025-05-23T22:21:04+05:00"}
{"level":"debug","msg":"Конфигурация загружена успешно","time":"2025-05-23T22:21:04+05:00"}
{"level":"debug","msg":"Начало выполнения программы","time":"2025-05-23T22:23:07+05:00"}
{"level":"debug","msg":"Загрузка конфигурации","time":"2025-05-23T22:23:07+05:00"}
{"level":"debug","msg":"Конфигурация загружена успешно","time":"2025-05-23T22:23:07+05:00"}
{"level":"debug","msg":"Начало выполнения программы","time":"2025-05-23T22:25:14+05:00"}
{"level":"debug","msg":"Загрузка конфигурации","time":"2025-05-23T22:25:14+05:00"}
{"level":"debug","msg":"Конфигурация загружена успешно","time":"2025-05-23T22:25:14+05:00"}
{"level":"debug","msg":"Начало выполнения программы","time":"2025-05-23T22:25:28+05:00"}
{"level":"debug","msg":"Загрузка конфигурации","time":"2025-05-23T22:25:28+05:00"}
{"level":"debug","msg":"Конфигурация загружена успешно","time":"2025-05-23T22:25:28+05:00"}
{"level":"debug","msg":"Начало выполнения программы","time":"2025-05-23T22:25:37+05:00"}
{"level":"debug","msg":"Загрузка конфигурации","time":"2025-05-23T22:25:37+05:00"}
{"level":"debug","msg":"Конфигурация загружена успешно","time":"2025-05-23T22:25:37+05:00"}
{"level":"debug","msg":"Начало выполнения программы","time":"2025-05-23T22:25:40+05:00"}
{"level":"debug","msg":"Загрузка конфигурации","time":"2025-05-23T22:25:40+05:00"}
{"level":"debug","msg":"Конфигурация загружена успешно","time":"2025-05-23T22:25:40+05:00"}
{"level":"debug","msg":"Начало выполнения программы","time":"2025-05-23T22:26:23+05:00"}
{"level":"debug","msg":"Загрузка конфигурации","time":"2025-05-23T22:26:23+05:00"}
{"level":"debug","msg":"Конфигурация загружена успешно","time":"2025-05-23T22:26:23+05:00"}
{"level":"debug","msg":"Начало выполнения программы","time":"2025-05-23T22:27:27+05:00"}
{"level":"debug","msg":"Загрузка конфигурации","time":"2025-05-23T22:27:27+05:00"}
{"level":"debug","msg":"Конфигурация загружена успешно","time":"2025-05-23T22:27:27+05:00"}
{"level":"debug","msg":"Начало выполнения программы","time":"2025-05-23T22:28:07+05:00"}
{"level":"debug","msg":"Загрузка конфигурации","time":"2025-05-23T22:28:07+05:00"}
{"level":"debug","msg":"Конфигурация загружена успешно","time":"2025-05-23T22:28:07+05:00"}
{"level":"debug","msg":"Начало выполнения программы","time":"2025-05-23T22:28:15+05:00"}
{"level":"debug","msg":"Загрузка конфигурации","time":"2025-05-23T22:28:15+05:00"}
{"level":"debug","msg":"Конфигурация загружена успешно","time":"2025-05-23T22:28:15+05:00"}
{"level":"debug","msg":"Начало выполнения программы","time":"2025-05-23T22:29:07+05:00"}
{"level":"debug","msg":"Загрузка конфигурации","time":"2025-05-23T22:29:07+05:00"}
{"level":"debug","msg":"Конфигурация загружена успешно","time":"2025-05-23T22:29:07+05:00"}
{"level":"debug","msg":"Начало выполнения программы","time":"2025-05-23T22:29:15+05:00"}
{"level":"debug","msg":"Загрузка конфигурации","time":"2025-05-23T22:29:15+05:00"}
{"level":"debug","msg":"Конфигурация загружена успешно","time":"2025-05-23T22:29:15+05:00"}
{"level":"debug","msg":"Начало выполнения программы","time":"2025-05-23T22:29:40+05:00"}
{"level":"debug","msg":"Загрузка конфигурации","time":"2025-05-23T22:29:40+05:00"}
{"level":"debug","msg":"Конфигурация загружена успешно","time":"2025-05-23T22:29:40+05:00"}
{"level":"debug","msg":"Начало выполнения программы","time":"2025-05-23T22:30:05+05:00"}
{"level":"debug","msg":"Загрузка конфигурации","time":"2025-05-23T22:30:05+05:00"}
{"level":"debug","msg":"Конфигурация загружена успешно","time":"2025-05-23T22:30:05+05:00"}
{"level":"debug","msg":"Начало выполнения программы","time":"2025-05-23T22:30:16+05:00"}
{"level":"debug","msg":"Загрузка конфигурации","time":"2025-05-23T22:30:16+05:00"}
{"level":"debug","msg":"Конфигурация загружена успешно","time":"2025-05-23T22:30:16+05:00"}
{"level":"debug","msg":"Начало выполнения программы","time":"2025-05-23T22:30:42+05:00"}
{"level":"debug","msg":"Загрузка конфигурации","time":"2025-05-23T22:30:42+05:00"}
{"level":"debug","msg":"Конфигурация загружена успешно","time":"2025-05-23T22:30:42+05:00"}
{"level":"debug","msg":"Начало выполнения программы","time":"2025-05-23T22:31:58+05:00"}
{"level":"debug","msg":"Загрузка конфигурации","time":"2025-05-23T22:31:58+05:00"}
{"level":"debug","msg":"Конфигурация загружена успешно","time":"2025-05-23T22:31:58+05:00"}
{"level":"debug","msg":"Начало выполнения программы","time":"2025-05-23T22:32:15+05:00"}
{"level":"debug","msg":"Загрузка конфигурации","time":"2025-05-23T22:32:15+05:00"}
{"level":"debug","msg":"Конфигурация загружена успешно","time":"2025-05-23T22:32:15+05:00"}
{"level":"debug","msg":"Начало выполнения программы","time":"2025-05-23T22:33:45+05:00"}
{"level":"debug","msg":"Загрузка конфигурации","time":"2025-05-23T22:33:45+05:00"}
{"level":"debug","msg":"Конфигурация загружена успешно","time":"2025-05-23T22:33:45+05:00"}
{"level":"debug","msg":"Начало выполнения программы","time":"2025-05-23T22:37:57+05:00"}
{"level":"debug","msg":"Загрузка конфигурации","time":"2025-05-23T22:37:57+05:00"}
{"level":"debug","msg":"Конфигурация загружена успешно","time":"2025-05-23T22:37:57+05:00"}
{"level":"debug","msg":"Начало выполнения программы","time":"2025-05-23T22:40:40+05:00"}
{"level":"debug","msg":"Загрузка конфигурации","time":"2025-05-23T22:40:40+05:00"}
{"level":"debug","msg":"Конфигурация загружена успешно","time":"2025-05-23T22:40:40+05:00"}
{"level":"debug","msg":"Начало выполнения программы","time":"2025-05-23T22:40:55+05:00"}
{"level":"debug","msg":"Загрузка конфигурации","time":"2025-05-23T22:40:55+05:00"}
{"level":"debug","msg":"Конфигурация загружена успешно","time":"2025-05-23T22:40:55+05:00"}
{"level":"debug","msg":"Начало выполнения программы","time":"2025-05-23T22:41:01+05:00"}
{"level":"debug","msg":"Загрузка конфигурации","time":"2025-05-23T22:41:01+05:00"}
{"level":"debug","msg":"Конфигурация загружена успешно","time":"2025-05-23T22:41:01+05:00"}
{"level":"debug","msg":"Начало выполнения программы","time":"2025-05-23T22:41:39+05:00"}
{"level":"debug","msg":"Загрузка конфигурации","time":"2025-05-23T22:41:39+05:00"}
{"level":"debug","msg":"Конфигурация загружена успешно","time":"2025-05-23T22:41:39+05:00"}
{"level":"debug","msg":"Начало выполнения программы","time":"2025-05-23T22:42:26+05:00"}
{"level":"debug","msg":"Загрузка конфигурации","time":"2025-05-23T22:42:26+05:00"}
{"level":"debug","msg":"Конфигурация загружена успешно","time":"2025-05-23T22:42:26+05:00"}
{"level":"debug","msg":"Начало выполнения программы","time":"2025-05-23T22:42:54+05:00"}
{"level":"debug","msg":"Загрузка конфигурации","time":"2025-05-23T22:42:54+05:00"}
{"level":"debug","msg":"Конфигурация загружена успешно","time":"2025-05-23T22:42:54+05:00"}
{"level":"debug","msg":"Начало выполнения программы","time":"2025-05-23T22:43:48+05:00"}
{"level":"debug","msg":"Загрузка конфигурации","time":"2025-05-23T22:43:48+05:00"}
{"level":"debug","msg":"Конфигурация загружена успешно","time":"2025-05-23T22:43:48+05:00"}
{"level":"debug","msg":"Начало выполнения программы","time":"2025-05-23T22:44:05+05:00"}
{"level":"debug","msg":"Загрузка конфигурации","time":"2025-05-23T22:44:05+05:00"}
{"level":"debug","msg":"Конфигурация загружена успешно","time":"2025-05-23T22:44:05+05:00"}
{"level":"debug","msg":"Начало выполнения программы","time":"2025-05-23T22:44:26+05:00"}
{"level":"debug","msg":"Загрузка конфигурации","time":"2025-05-23T22:44:26+05:00"}
{"level":"debug","msg":"Конфигурация загружена успешно","time":"2025-05-23T22:44:26+05:00"}
{"level":"debug","msg":"Начало выполнения программы","time":"2025-05-23T22:46:22+05:00"}
{"level":"debug","msg":"Загрузка конфигурации","time":"2025-05-23T22:46:22+05:00"}
{"level":"debug","msg":"Конфигурация загружена успешно","time":"2025-05-23T22:46:22+05:00"}
{"level":"debug","msg":"Начало выполнения программы","time":"2025-05-23T22:47:13+05:00"}
{"level":"debug","msg":"Загрузка конфигурации","time":"2025-05-23T22:47:13+05:00"}
{"level":"debug","msg":"Конфигурация загружена успешно","time":"2025-05-23T22:47:13+05:00"}
{"level":"debug","msg":"Начало выполнения программы","time":"2025-05-23T22:47:22+05:00"}
{"level":"debug","msg":"Загрузка конфигурации","time":"2025-05-23T22:47:22+05:00"}
{"level":"debug","msg":"Конфигурация загружена успешно","time":"2025-05-23T22:47:22+05:00"}
{"level":"debug","msg":"Начало выполнения программы","time":"2025-05-23T22:47:34+05:00"}
{"level":"debug","msg":"Загрузка конфигурации","time":"2025-05-23T22:47:34+05:00"}
{"level":"debug","msg":"Конфигурация загружена успешно","time":"2025-05-23T22:47:34+05:00"}
{"level":"debug","msg":"Начало выполнения программы","time":"2025-05-23T22:47:39+05:00"}
{"level":"debug","msg":"Загрузка конфигурации","time":"2025-05-23T22:47:39+05:00"}
{"level":"debug","msg":"Конфигурация загружена успешно","time":"2025-05-23T22:47:39+05:00"}
{"level":"debug","msg":"Начало выполнения программы","time":"2025-05-23T22:55:14+05:00"}
{"level":"debug","msg":"Загрузка конфигурации","time":"2025-05-23T22:55:14+05:00"}
{"level":"debug","msg":"Конфигурация загружена успешно","time":"2025-05-23T22:55:14+05:00"}
{"level":"debug","msg":"Начало выполнения программы","time":"2025-05-23T22:56:17+05:00"}
{"level":"debug","msg":"Загрузка конфигурации","time":"2025-05-23T22:56:17+05:00"}
{"level":"debug","msg":"Конфигурация загружена успешно","time":"2025-05-23T22:56:17+05:00"}
{"level":"debug","msg":"Начало выполнения программы","time":"2025-05-23T22:57:01+05:00"}
{"level":"debug","msg":"Загрузка конфигурации","time":"2025-05-23T22:57:01+05:00"}
{"level":"debug","msg":"Конфигурация загружена успешно","time":"2025-05-23T22:57:01+05:00"}
{"level":"debug","msg":"Начало выполнения программы","time":"2025-05-23T22:58:02+05:00"}
{"level":"debug","msg":"Загрузка конфигурации","time":"2025-05-23T22:58:02+05:00"}
{"level":"debug","msg":"Конфигурация загружена успешно","time":"2025-05-23T22:58:02+05:00"}
{"level":"debug","msg":"Начало выполнения программы","time":"2025-05-23T22:58:24+05:00"}
{"level":"debug","msg":"Загрузка конфигурации","time":"2025-05-23T22:58:24+05:00"}
{"level":"debug","msg":"Конфигурация загружена успешно","time":"2025-05-23T22:58:24+05:00"}
{"level":"debug","msg":"Начало выполнения программы","time":"2025-05-23T23:02:38+05:00"}
{"level":"debug","msg":"Загрузка конфигурации","time":"2025-05-23T23:02:38+05:00"}
{"level":"debug","msg":"Конфигурация загружена успешно","time":"2025-05-23T23:02:38+05:00"}
{"level":"debug","msg":"Начало выполнения программы","time":"2025-05-23T23:03:27+05:00"}
{"level":"debug","msg":"Загрузка конфигурации","time":"2025-05-23T23:03:27+05:00"}
{"level":"debug","msg":"Конфигурация загружена успешно","time":"2025-05-23T23:03:27+05:00"}
{"level":"debug","msg":"Начало выполнения программы","time":"2025-05-23T23:03:35+05:00"}
{"level":"debug","msg":"Загрузка конфигурации","time":"2025-05-23T23:03:35+05:00"}
{"level":"debug","msg":"Конфигурация загружена успешно","time":"2025-05-23T23:03:35+05:00"}
{"level":"debug","msg":"Начало выполнения программы","time":"2025-05-23T23:05:53+05:00"}
{"level":"debug","msg":"Загрузка конфигурации","time":"2025-05-23T23:05:53+05:00"}
{"level":"debug","msg":"Конфигурация загружена успешно","time":"2025-05-23T23:05:53+05:00"}
{"level":"debug","msg":"Начало выполнения программы","time":"2025-05-23T23:07:57+05:00"}
{"level":"debug","msg":"Загрузка конфигурации","time":"2025-05-23T23:07:57+05:00"}
{"level":"debug","msg":"Конфигурация загружена успешно","time":"2025-05-23T23:07:57+05:00"}
{"level":"debug","msg":"Начало выполнения программы","time":"2025-05-23T23:08:52+05:00"}
{"level":"debug","msg":"Загрузка конфигурации","time":"2025-05-23T23:08:52+05:00"}
{"level":"debug","msg":"Конфигурация загружена успешно","time":"2025-05-23T23:08:52+05:00"}
{"level":"debug","msg":"Начало выполнения программы","time":"2025-05-23T23:10:08+05:00"}
{"level":"debug","msg":"Загрузка конфигурации","time":"2025-05-23T23:10:08+05:00"}
{"level":"debug","msg":"Конфигурация загружена успешно","time":"2025-05-23T23:10:08+05:00"}
{"level":"debug","msg":"Начало выполнения программы","time":"2025-05-23T23:10:38+05:00"}
{"level":"debug","msg":"Загрузка конфигурации","time":"2025-05-23T23:10:38+05:00"}
{"level":"debug","msg":"Конфигурация загружена успешно","time":"2025-05-23T23:10:38+05:00"}
{"level":"debug","msg":"Начало выполнения программы","time":"2025-05-23T23:13:07+05:00"}
{"level":"debug","msg":"Загрузка конфигурации","time":"2025-05-23T23:13:07+05:00"}
{"level":"debug","msg":"Конфигурация загружена успешно","time":"2025-05-23T23:13:07+05:00"}
{"level":"debug","msg":"Начало выполнения программы","time":"2025-05-23T23:16:50+05:00"}
{"level":"debug","msg":"Загрузка конфигурации","time":"2025-05-23T23:16:50+05:00"}
{"level":"debug","msg":"Конфигурация загружена успешно","time":"2025-05-23T23:16:50+05:00"}
{"level":"debug","msg":"Начало выполнения программы","time":"2025-05-23T23:17:06+05:00"}
{"level":"debug","msg":"Загрузка конфигурации","time":"2025-05-23T23:17:06+05:00"}
{"level":"debug","msg":"Конфигурация загружена успешно","time":"2025-05-23T23:17:06+05:00"}
{"level":"debug","msg":"Начало выполнения программы","time":"2025-05-23T23:17:16+05:00"}
{"level":"debug","msg":"Загрузка конфигурации","time":"2025-05-23T23:17:16+05:00"}
{"level":"debug","msg":"Конфигурация загружена успешно","time":"2025-05-23T23:17:16+05:00"}
{"level":"debug","msg":"Начало выполнения программы","time":"2025-05-23T23:17:21+05:00"}
{"level":"debug","msg":"Загрузка конфигурации","time":"2025-05-23T23:17:21+05:00"}
{"level":"debug","msg":"Конфигурация загружена успешно","time":"2025-05-23T23:17:21+05:00"}
{"level":"debug","msg":"Начало выполнения программы","time":"2025-05-23T23:30:55+05:00"}
{"level":"debug","msg":"Загрузка конфигурации","time":"2025-05-23T23:30:55+05:00"}
{"level":"debug","msg":"Конфигурация загружена успешно","time":"2025-05-23T23:30:55+05:00"}
{"level":"debug","msg":"Начало выполнения программы","time":"2025-05-23T23:32:37+05:00"}
{"level":"debug","msg":"Загрузка конфигурации","time":"2025-05-23T23:32:37+05:00"}
{"level":"debug","msg":"Конфигурация загружена успешно","time":"2025-05-23T23:32:37+05:00"}
{"level":"debug","msg":"Начало выполнения программы","time":"2025-05-23T23:34:35+05:00"}
{"level":"debug","msg":"Загрузка конфигурации","time":"2025-05-23T23:34:35+05:00"}
{"level":"debug","msg":"Конфигурация загружена успешно","time":"2025-05-23T23:34:35+05:00"}
{"level":"debug","msg":"Начало выполнения программы","time":"2025-05-23T23:34:44+05:00"}
{"level":"debug","msg":"Загрузка конфигурации","time":"2025-05-23T23:34:44+05:00"}
{"level":"debug","msg":"Конфигурация загружена успешно","time":"2025-05-23T23:34:44+05:00"}
{"level":"debug","msg":"Начало выполнения программы","time":"2025-05-23T23:34:57+05:00"}
{"level":"debug","msg":"Загрузка конфигурации","time":"2025-05-23T23:34:57+05:00"}
{"level":"debug","msg":"Конфигурация загружена успешно","time":"2025-05-23T23:34:57+05:00"}
{"level":"debug","msg":"Начало выполнения программы","time":"2025-05-23T23:35:00+05:00"}
{"level":"debug","msg":"Загрузка конфигурации","time":"2025-05-23T23:35:00+05:00"}
{"level":"debug","msg":"Конфигурация загружена успешно","time":"2025-05-23T23:35:00+05:00"}
{"level":"debug","msg":"Начало выполнения программы","time":"2025-05-23T23:35:38+05:00"}
{"level":"debug","msg":"Загрузка конфигурации","time":"2025-05-23T23:35:38+05:00"}
{"level":"debug","msg":"Конфигурация загружена успешно","time":"2025-05-23T23:35:38+05:00"}
{"level":"debug","msg":"Начало выполнения программы","time":"2025-05-23T23:36:33+05:00"}
{"level":"debug","msg":"Загрузка конфигурации","time":"2025-05-23T23:36:33+05:00"}
{"level":"debug","msg":"Конфигурация загружена успешно","time":"2025-05-23T23:36:33+05:00"}
{"level":"debug","msg":"Начало выполнения программы","time":"2025-05-23T23:38:03+05:00"}
{"level":"debug","msg":"Загрузка конфигурации","time":"2025-05-23T23:38:03+05:00"}
{"level":"debug","msg":"Конфигурация загружена успешно","time":"2025-05-23T23:38:03+05:00"}
{"level":"debug","msg":"Начало выполнения программы","time":"2025-05-23T23:39:57+05:00"}
{"level":"debug","msg":"Загрузка конфигурации","time":"2025-05-23T23:39:57+05:00"}
{"level":"debug","msg":"Конфигурация загружена успешно","time":"2025-05-23T23:39:57+05:00"}
{"level":"debug","msg":"Начало выполнения программы","time":"2025-05-23T23:40:07+05:00"}
{"level":"debug","msg":"Загрузка конфигурации","time":"2025-05-23T23:40:07+05:00"}
{"level":"debug","msg":"Конфигурация загружена успешно","time":"2025-05-23T23:40:07+05:00"}
{"level":"debug","msg":"Начало выполнения программы","time":"2025-05-23T23:40:13+05:00"}
{"level":"debug","msg":"Загрузка конфигурации","time":"2025-05-23T23:40:13+05:00"}
{"level":"debug","msg":"Конфигурация загружена успешно","time":"2025-05-23T23:40:13+05:00"}
{"level":"debug","msg":"Начало выполнения программы","time":"2025-05-23T23:40:15+05:00"}
{"level":"debug","msg":"Загрузка конфигурации","time":"2025-05-23T23:40:15+05:00"}
{"level":"debug","msg":"Конфигурация загружена успешно","time":"2025-05-23T23:40:15+05:00"}
{"level":"debug","msg":"Начало выполнения программы","time":"2025-05-23T23:40:52+05:00"}
{"level":"debug","msg":"Загрузка конфигурации","time":"2025-05-23T23:40:52+05:00"}
{"level":"debug","msg":"Конфигурация загружена успешно","time":"2025-05-23T23:40:52+05:00"}
{"level":"debug","msg":"Начало выполнения программы","time":"2025-05-23T23:43:40+05:00"}
{"level":"debug","msg":"Загрузка конфигурации","time":"2025-05-23T23:43:40+05:00"}
{"level":"debug","msg":"Конфигурация загружена успешно","time":"2025-05-23T23:43:40+05:00"}
{"level":"debug","msg":"Начало выполнения программы","time":"2025-05-23T23:45:12+05:00"}
{"level":"debug","msg":"Загрузка конфигурации","time":"2025-05-23T23:45:12+05:00"}
{"level":"debug","msg":"Конфигурация загружена успешно","time":"2025-05-23T23:45:12+05:00"}
{"level":"debug","msg":"Начало выполнения программы","time":"2025-05-23T23:45:14+05:00"}
{"level":"debug","msg":"Загрузка конфигурации","time":"2025-05-23T23:45:14+05:00"}
{"level":"debug","msg":"Конфигурация загружена успешно","time":"2025-05-23T23:45:14+05:00"}
{"level":"debug","msg":"Начало выполнения программы","time":"2025-05-23T23:45:26+05:00"}
{"level":"debug","msg":"Загрузка конфигурации","time":"2025-05-23T23:45:26+05:00"}
{"level":"debug","msg":"Конфигурация загружена успешно","time":"2025-05-23T23:45:26+05:00"}
{"level":"debug","msg":"Начало выполнения программы","time":"2025-05-23T23:45:59+05:00"}
{"level":"debug","msg":"Загрузка конфигурации","time":"2025-05-23T23:45:59+05:00"}
{"level":"debug","msg":"Конфигурация загружена успешно","time":"2025-05-23T23:45:59+05:00"}
{"level":"debug","msg":"Начало выполнения программы","time":"2025-05-23T23:46:54+05:00"}
{"level":"debug","msg":"Загрузка конфигурации","time":"2025-05-23T23:46:54+05:00"}
{"level":"debug","msg":"Конфигурация загружена успешно","time":"2025-05-23T23:46:54+05:00"}
{"level":"debug","msg":"Начало выполнения программы","time":"2025-05-23T23:47:21+05:00"}
{"level":"debug","msg":"Загрузка конфигурации","time":"2025-05-23T23:47:21+05:00"}
{"level":"debug","msg":"Конфигурация загружена успешно","time":"2025-05-23T23:47:21+05:00"}
{"level":"debug","msg":"Начало выполнения программы","time":"2025-05-23T23:47:59+05:00"}
{"level":"debug","msg":"Загрузка конфигурации","time":"2025-05-23T23:47:59+05:00"}
{"level":"debug","msg":"Конфигурация загружена успешно","time":"2025-05-23T23:47:59+05:00"}
{"level":"debug","msg":"Начало выполнения программы","time":"2025-05-23T23:48:12+05:00"}
{"level":"debug","msg":"Загрузка конфигурации","time":"2025-05-23T23:48:12+05:00"}
{"level":"debug","msg":"Конфигурация загружена успешно","time":"2025-05-23T23:48:12+05:00"}
{"level":"debug","msg":"Начало выполнения программы","time":"2025-05-23T23:48:23+05:00"}
{"level":"debug","msg":"Загрузка конфигурации","time":"2025-05-23T23:48:23+05:00"}
{"level":"debug","msg":"Конфигурация загружена успешно","time":"2025-05-23T23:48:23+05:00"}
{"level":"debug","msg":"Начало выполнения программы","time":"2025-05-23T23:48:47+05:00"}
{"level":"debug","msg":"Загрузка конфигурации","time":"2025-05-23T23:48:47+05:00"}
{"level":"debug","msg":"Конфигурация загружена успешно","time":"2025-05-23T23:48:47+05:00"}
{"level":"debug","msg":"Начало выполнения программы","time":"2025-05-23T23:50:10+05:00"}
{"level":"debug","msg":"Загрузка конфигурации","time":"2025-05-23T23:50:10+05:00"}
{"level":"debug","msg":"Конфигурация загружена успешно","time":"2025-05-23T23:50:10+05:00"}
{"level":"debug","msg":"Начало выполнения программы","time":"2025-05-27T14:00:33+05:00"}
{"level":"debug","msg":"Загрузка конфигурации","time":"2025-05-27T14:00:33+05:00"}
{"level":"debug","msg":"Конфигурация загружена успешно","time":"2025-05-27T14:00:33+05:00"}
{"level":"debug","msg":"Начало выполнения программы","time":"2025-05-29T20:08:35+05:00"}
{"level":"debug","msg":"Загрузка конфигурации","time":"2025-05-29T20:08:35+05:00"}
{"level":"debug","msg":"Конфигурация загружена успешно","time":"2025-05-29T20:08:35+05:00"}
{"level":"debug","msg":"Начало выполнения программы","time":"2025-05-29T20:15:53+05:00"}
{"level":"debug","msg":"Загрузка конфигурации","time":"2025-05-29T20:15:53+05:00"}
{"level":"debug","msg":"Конфигурация загружена успешно","time":"2025-05-29T20:15:53+05:00"}
{"level":"debug","msg":"Начало выполнения программы","time":"2025-05-29T20:16:06+05:00"}
{"level":"debug","msg":"Загрузка конфигурации","time":"2025-05-29T20:16:06+05:00"}
{"level":"debug","msg":"Конфигурация загружена успешно","time":"2025-05-29T20:16:06+05:00"}
{"level":"debug","msg":"Начало выполнения программы","time":"2025-05-29T20:19:20+05:00"}
{"level":"debug","msg":"Загрузка конфигурации","time":"2025-05-29T20:19:20+05:00"}
{"level":"debug","msg":"Конфигурация загружена успешно","time":"2025-05-29T20:19:20+05:00"}
{"level":"debug","msg":"Начало выполнения программы","time":"2025-05-29T20:20:48+05:00"}
{"level":"debug","msg":"Загрузка конфигурации","time":"2025-05-29T20:20:48+05:00"}
{"level":"debug","msg":"Конфигурация загружена успешно","time":"2025-05-29T20:20:48+05:00"}
{"level":"debug","msg":"Начало выполнения программы","time":"2025-05-29T20:20:50+05:00"}
{"level":"debug","msg":"Загрузка конфигурации","time":"2025-05-29T20:20:50+05:00"}
{"level":"debug","msg":"Конфигурация загружена успешно","time":"2025-05-29T20:20:50+05:00"}
{"level":"debug","msg":"Начало выполнения программы","time":"2025-05-29T20:21:04+05:00"}
{"level":"debug","msg":"Загрузка конфигурации","time":"2025-05-29T20:21:04+05:00"}
{"level":"debug","msg":"Конфигурация загружена успешно","time":"2025-05-29T20:21:04+05:00"}
{"level":"debug","msg":"Начало выполнения программы","time":"2025-05-29T20:21:14+05:00"}
{"level":"debug","msg":"Загрузка конфигурации","time":"2025-05-29T20:21:14+05:00"}
{"level":"debug","msg":"Конфигурация загружена успешно","time":"2025-05-29T20:21:14+05:00"}
{"level":"debug","msg":"Начало выполнения программы","time":"2025-05-29T20:21:16+05:00"}
{"level":"debug","msg":"Загрузка конфигурации","time":"2025-05-29T20:21:16+05:00"}
{"level":"debug","msg":"Конфигурация загружена успешно","time":"2025-05-29T20:21:16+05:00"}
{"level":"debug","msg":"Начало выполнения программы","time":"2025-06-03T12:25:53+05:00"}
{"level":"debug","msg":"Загрузка конфигурации","time":"2025-06-03T12:25:53+05:00"}
{"level":"debug","msg":"Конфигурация загружена успешно","time":"2025-06-03T12:25:53+05:00"}
{"level":"debug","msg":"Начало выполнения программы","time":"2025-06-03T12:26:00+05:00"}
{"level":"debug","msg":"Загрузка конфигурации","time":"2025-06-03T12:26:00+05:00"}
{"level":"debug","msg":"Конфигурация загружена успешно","time":"2025-06-03T12:26:00+05:00"}
{"level":"debug","msg":"Начало выполнения программы","time":"2025-06-03T12:26:04+05:00"}
{"level":"debug","msg":"Загрузка конфигурации","time":"2025-06-03T12:26:04+05:00"}
{"level":"debug","msg":"Конфигурация загружена успешно","time":"2025-06-03T12:26:04+05:00"}
{"level":"debug","msg":"Начало выполнения программы","time":"2025-06-03T12:26:23+05:00"}
{"level":"debug","msg":"Загрузка конфигурации","time":"2025-06-03T12:26:23+05:00"}
{"level":"debug","msg":"Конфигурация загружена успешно","time":"2025-06-03T12:26:23+05:00"}
{"level":"debug","msg":"Начало выполнения программы","time":"2025-06-03T12:26:46+05:00"}
{"level":"debug","msg":"Загрузка конфигурации","time":"2025-06-03T12:26:46+05:00"}
{"level":"debug","msg":"Конфигурация загружена успешно","time":"2025-06-03T12:26:46+05:00"}
{"level":"debug","msg":"Начало выполнения программы","time":"2025-06-03T12:26:57+05:00"}
{"level":"debug","msg":"Загрузка конфигурации","time":"2025-06-03T12:26:57+05:00"}
{"level":"debug","msg":"Конфигурация загружена успешно","time":"2025-06-03T12:26:57+05:00"}
{"level":"debug","msg":"Начало выполнения программы","time":"2025-06-03T17:00:18+05:00"}
{"level":"debug","msg":"Загрузка конфигурации","time":"2025-06-03T17:00:18+05:00"}
{"level":"debug","msg":"Конфигурация загружена успешно","time":"2025-06-03T17:00:18+05:00"}
{"level":"debug","msg":"Начало выполнения программы","time":"2025-06-03T17:00:44+05:00"}
{"level":"debug","msg":"Загрузка конфигурации","time":"2025-06-03T17:00:44+05:00"}
{"level":"debug","msg":"Конфигурация загружена успешно","time":"2025-06-03T17:00:44+05:00"}
{"level":"debug","msg":"Начало выполнения программы","time":"2025-06-03T17:03:23+05:00"}
{"level":"debug","msg":"Загрузка конфигурации","time":"2025-06-03T17:03:23+05:00"}
{"level":"debug","msg":"Конфигурация загружена успешно","time":"2025-06-03T17:03:23+05:00"}
{"level":"debug","msg":"Начало выполнения программы","time":"2025-06-03T17:04:00+05:00"}
{"level":"debug","msg":"Загрузка конфигурации","time":"2025-06-03T17:04:00+05:00"}
{"level":"debug","msg":"Конфигурация загружена успешно","time":"2025-06-03T17:04:00+05:00"}
{"level":"debug","msg":"Начало выполнения программы","time":"2025-06-03T17:04:07+05:00"}
{"level":"debug","msg":"Загрузка конфигурации","time":"2025-06-03T17:04:07+05:00"}
{"level":"debug","msg":"Конфигурация загружена успешно","time":"2025-06-03T17:04:07+05:00"}
{"level":"debug","msg":"Начало выполнения программы","time":"2025-06-03T17:04:55+05:00"}
{"level":"debug","msg":"Загрузка конфигурации","time":"2025-06-03T17:04:55+05:00"}
{"level":"debug","msg":"Конфигурация загружена успешно","time":"2025-06-03T17:04:55+05:00"}
{"level":"debug","msg":"Начало выполнения программы","time":"2025-06-03T17:08:27+05:00"}
{"level":"debug","msg":"Загрузка конфигурации","time":"2025-06-03T17:08:27+05:00"}
{"level":"debug","msg":"Конфигурация загружена успешно","time":"2025-06-03T17:08:27+05:00"}
{"level":"debug","msg":"Начало выполнения программы","time":"2025-06-03T17:08:41+05:00"}
{"level":"debug","msg":"Загрузка конфигурации","time":"2025-06-03T17:08:41+05:00"}
{"level":"debug","msg":"Конфигурация загружена успешно","time":"2025-06-03T17:08:41+05:00"}
{"level":"debug","msg":"Начало выполнения программы","time":"2025-06-03T17:08:45+05:00"}
{"level":"debug","msg":"Загрузка конфигурации","time":"2025-06-03T17:08:45+05:00"}
{"level":"debug","msg":"Конфигурация загружена успешно","time":"2025-06-03T17:08:45+05:00"}
{"level":"debug","msg":"Начало выполнения программы","time":"2025-06-03T17:08:56+05:00"}
{"level":"debug","msg":"Загрузка конфигурации","time":"2025-06-03T17:08:56+05:00"}
{"level":"debug","msg":"Конфигурация загружена успешно","time":"2025-06-03T17:08:56+05:00"}
{"level":"debug","msg":"Начало выполнения программы","time":"2025-06-03T17:11:27+05:00"}
{"level":"debug","msg":"Загрузка конфигурации","time":"2025-06-03T17:11:27+05:00"}
{"level":"debug","msg":"Конфигурация загружена успешно","time":"2025-06-03T17:11:27+05:00"}
{"level":"debug","msg":"Начало выполнения программы","time":"2025-06-03T17:11:42+05:00"}
{"level":"debug","msg":"Загрузка конфигурации","time":"2025-06-03T17:11:42+05:00"}
{"level":"debug","msg":"Конфигурация загружена успешно","time":"2025-06-03T17:11:42+05:00"}
{"level":"debug","msg":"Начало выполнения программы","time":"2025-06-04T22:18:42+05:00"}
{"level":"debug","msg":"Загрузка конфигурации","time":"2025-06-04T22:18:42+05:00"}
{"level":"debug","msg":"Конфигурация загружена успешно","time":"2025-06-04T22:18:42+05:00"}
{"level":"debug","msg":"Начало выполнения программы","time":"2025-06-04T22:23:20+05:00"}
{"level":"debug","msg":"Загрузка конфигурации","time":"2025-06-04T22:23:20+05:00"}
{"level":"debug","msg":"Конфигурация загружена успешно","time":"2025-06-04T22:23:20+05:00"}
{"level":"debug","msg":"Начало выполнения программы","time":"2025-06-04T22:30:54+05:00"}
{"level":"debug","msg":"Загрузка конфигурации","time":"2025-06-04T22:30:54+05:00"}
{"level":"debug","msg":"Конфигурация загружена успешно","time":"2025-06-04T22:30:54+05:00"}
{"level":"debug","msg":"Начало выполнения программы","time":"2025-06-04T22:35:46+05:00"}
{"level":"debug","msg":"Загрузка конфигурации","time":"2025-06-04T22:35:46+05:00"}
{"level":"debug","msg":"Конфигурация загружена успешно","time":"2025-06-04T22:35:46+05:00"}
{"level":"debug","msg":"Начало выполнения программы","time":"2025-06-04T22:40:04+05:00"}
{"level":"debug","msg":"Загрузка конфигурации","time":"2025-06-04T22:40:04+05:00"}
{"level":"debug","msg":"Конфигурация загружена успешно","time":"2025-06-04T22:40:04+05:00"}
{"level":"debug","msg":"Начало выполнения программы","time":"2025-06-04T22:41:47+05:00"}
{"level":"debug","msg":"Загрузка конфигурации","time":"2025-06-04T22:41:47+05:00"}
{"level":"debug","msg":"Конфигурация загружена успешно","time":"2025-06-04T22:41:47+05:00"}
{"level":"debug","msg":"Начало выполнения программы","time":"2025-06-04T22:42:00+05:00"}
{"level":"debug","msg":"Загрузка конфигурации","time":"2025-06-04T22:42:00+05:00"}
{"level":"debug","msg":"Конфигурация загружена успешно","time":"2025-06-04T22:42:00+05:00"}
{"level":"debug","msg":"Начало выполнения программы","time":"2025-06-04T22:42:41+05:00"}
{"level":"debug","msg":"Загрузка конфигурации","time":"2025-06-04T22:42:41+05:00"}
{"level":"debug","msg":"Конфигурация загружена успешно","time":"2025-06-04T22:42:41+05:00"}
{"level":"debug","msg":"Начало выполнения программы","time":"2025-06-04T22:42:51+05:00"}
{"level":"debug","msg":"Загрузка конфигурации","time":"2025-06-04T22:42:51+05:00"}
{"level":"debug","msg":"Конфигурация загружена успешно","time":"2025-06-04T22:42:51+05:00"}
{"level":"debug","msg":"Начало выполнения программы","time":"2025-06-04T22:43:45+05:00"}
{"level":"debug","msg":"Загрузка конфигурации","time":"2025-06-04T22:43:45+05:00"}
{"level":"debug","msg":"Конфигурация загружена успешно","time":"2025-06-04T22:43:45+05:00"}
{"level":"debug","msg":"Начало выполнения программы","time":"2025-06-04T22:46:32+05:00"}
{"level":"debug","msg":"Загрузка конфигурации","time":"2025-06-04T22:46:32+05:00"}
{"level":"debug","msg":"Конфигурация загружена успешно","time":"2025-06-04T22:46:32+05:00"}
{"level":"debug","msg":"Начало выполнения программы","time":"2025-06-04T22:47:55+05:00"}
{"level":"debug","msg":"Загрузка конфигурации","time":"2025-06-04T22:47:55+05:00"}
{"level":"debug","msg":"Конфигурация загружена успешно","time":"2025-06-04T22:47:55+05:00"}
{"level":"debug","msg":"Начало выполнения программы","time":"2025-06-04T22:48:07+05:00"}
{"level":"debug","msg":"Загрузка конфигурации","time":"2025-06-04T22:48:07+05:00"}
{"level":"debug","msg":"Конфигурация загружена успешно","time":"2025-06-04T22:48:07+05:00"}
{"level":"debug","msg":"Начало выполнения программы","time":"2025-06-04T22:48:24+05:00"}
{"level":"debug","msg":"Загрузка конфигурации","time":"2025-06-04T22:48:24+05:00"}
{"level":"debug","msg":"Конфигурация загружена успешно","time":"2025-06-04T22:48:24+05:00"}
{"level":"debug","msg":"Начало выполнения программы","time":"2025-06-04T22:49:42+05:00"}
{"level":"debug","msg":"Загрузка конфигурации","time":"2025-06-04T22:49:42+05:00"}
{"level":"debug","msg":"Конфигурация загружена успешно","time":"2025-06-04T22:49:42+05:00"}
{"level":"debug","msg":"Начало выполнения программы","time":"2025-06-04T22:50:19+05:00"}
{"level":"debug","msg":"Загрузка конфигурации","time":"2025-06-04T22:50:19+05:00"}
{"level":"debug","msg":"Конфигурация загружена успешно","time":"2025-06-04T22:50:19+05:00"}
{"level":"debug","msg":"Начало выполнения программы","time":"2025-06-04T22:51:23+05:00"}
{"level":"debug","msg":"Загрузка конфигурации","time":"2025-06-04T22:51:23+05:00"}
{"level":"debug","msg":"Конфигурация загружена успешно","time":"2025-06-04T22:51:23+05:00"}
{"level":"debug","msg":"Начало выполнения программы","time":"2025-06-04T22:51:43+05:00"}
{"level":"debug","msg":"Загрузка конфигурации","time":"2025-06-04T22:51:43+05:00"}
{"level":"debug","msg":"Конфигурация загружена успешно","time":"2025-06-04T22:51:43+05:00"}
{"level":"debug","msg":"Начало выполнения программы","time":"2025-06-04T22:51:49+05:00"}
{"level":"debug","msg":"Загрузка конфигурации","time":"2025-06-04T22:51:49+05:00"}
{"level":"debug","msg":"Конфигурация загружена успешно","time":"2025-06-04T22:51:49+05:00"}
{"level":"debug","msg":"Начало выполнения программы","time":"2025-06-04T23:42:19+05:00"}
{"level":"debug","msg":"Загрузка конфигурации","time":"2025-06-04T23:42:19+05:00"}
{"level":"debug","msg":"Конфигурация загружена успешно","time":"2025-06-04T23:42:19+05:00"}
{"level":"debug","msg":"Начало выполнения программы","time":"2025-06-04T23:44:24+05:00"}
{"level":"debug","msg":"Загрузка конфигурации","time":"2025-06-04T23:44:24+05:00"}
{"level":"debug","msg":"Конфигурация загружена успешно","time":"2025-06-04T23:44:24+05:00"}
{"level":"debug","msg":"Начало выполнения программы","time":"2025-06-04T23:45:44+05:00"}
{"level":"debug","msg":"Загрузка конфигурации","time":"2025-06-04T23:45:44+05:00"}
{"level":"debug","msg":"Конфигурация загружена успешно","time":"2025-06-04T23:45:44+05:00"}
{"level":"debug","msg":"Начало выполнения программы","time":"2025-06-04T23:45:53+05:00"}
{"level":"debug","msg":"Загрузка конфигурации","time":"2025-06-04T23:45:53+05:00"}
{"level":"debug","msg":"Конфигурация загружена успешно","time":"2025-06-04T23:45:53+05:00"}
{"level":"debug","msg":"Начало выполнения программы","time":"2025-06-04T23:51:37+05:00"}
{"level":"debug","msg":"Загрузка конфигурации","time":"2025-06-04T23:51:37+05:00"}
{"level":"debug","msg":"Конфигурация загружена успешно","time":"2025-06-04T23:51:37+05:00"}
{"level":"debug","msg":"Начало выполнения программы","time":"2025-06-04T23:53:00+05:00"}
{"level":"debug","msg":"Загрузка конфигурации","time":"2025-06-04T23:53:00+05:00"}
{"level":"debug","msg":"Конфигурация загружена успешно","time":"2025-06-04T23:53:00+05:00"}
{"level":"debug","msg":"Начало выполнения программы","time":"2025-06-04T23:56:28+05:00"}
{"level":"debug","msg":"Загрузка конфигурации","time":"2025-06-04T23:56:28+05:00"}
{"level":"debug","msg":"Конфигурация загружена успешно","time":"2025-06-04T23:56:28+05:00"}
{"level":"debug","msg":"Начало выполнения программы","time":"2025-06-04T23:57:48+05:00"}
{"level":"debug","msg":"Загрузка конфигурации","time":"2025-06-04T23:57:48+05:00"}
{"level":"debug","msg":"Конфигурация загружена успешно","time":"2025-06-04T23:57:48+05:00"}
{"level":"debug","msg":"Начало выполнения программы","time":"2025-06-05T00:01:18+05:00"}
{"level":"debug","msg":"Загрузка конфигурации","time":"2025-06-05T00:01:18+05:00"}
{"level":"debug","msg":"Конфигурация загружена успешно","time":"2025-06-05T00:01:18+05:00"}
